<?xml version="1.0" encoding="UTF-8"?>
<testsuite xmlns:xsi="http://www.w3.org/2001/XMLSchema-instance" xsi:noNamespaceSchemaLocation="https://maven.apache.org/surefire/maven-surefire-plugin/xsd/surefire-test-report.xsd" name="demo.gzoltar.CalculatorTest" time="0.089" tests="20" errors="0" skipped="0" failures="3">
  <properties>
[...]
</properties>
  <testcase name="testFactorialZero" classname="demo.gzoltar.CalculatorTest" time="0.003"/>
  <testcase name="testDivideNegativeDividend" classname="demo.gzoltar.CalculatorTest" time="0"/>
  <testcase name="testAddZero" classname="demo.gzoltar.CalculatorTest" time="0"/>
  <testcase name="testDivideByZero" classname="demo.gzoltar.CalculatorTest" time="0"/>
  <testcase name="testIsPrimeFive" classname="demo.gzoltar.CalculatorTest" time="0.001"/>
  <testcase name="testPowerNegativeExponent" classname="demo.gzoltar.CalculatorTest" time="0.004">
    <failure message="Should handle negative exponents properly, got: 0" type="java.lang.AssertionError">java.lang.AssertionError: Should handle negative exponents properly, got: 0
	at demo.gzoltar.CalculatorTest.testPowerNegativeExponent(CalculatorTest.java:94)
</failure>
  </testcase>
  <testcase name="testAddPositive" classname="demo.gzoltar.CalculatorTest" time="0"/>
  <testcase name="testMultiplyPositive" classname="demo.gzoltar.CalculatorTest" time="0"/>
  <testcase name="testPowerPositive" classname="demo.gzoltar.CalculatorTest" time="0"/>
  <testcase name="testIsNotPrimeFour" classname="demo.gzoltar.CalculatorTest" time="0"/>
  <testcase name="testMultiplyBothNegative" classname="demo.gzoltar.CalculatorTest" time="0.001"/>
  <testcase name="testPowerZero" classname="demo.gzoltar.CalculatorTest" time="0.001"/>
  <testcase name="testSubtractNegativeResult" classname="demo.gzoltar.CalculatorTest" time="0"/>
  <testcase name="testIsPrimeTwo" classname="demo.gzoltar.CalculatorTest" time="0.004">
    <failure message="2 should be prime" type="java.lang.AssertionError">java.lang.AssertionError: 2 should be prime
	at demo.gzoltar.CalculatorTest.testIsPrimeTwo(CalculatorTest.java:103)
</failure>
  </testcase>
  <testcase name="testSubtractPositive" classname="demo.gzoltar.CalculatorTest" time="0"/>
  <testcase name="testFactorialPositive" classname="demo.gzoltar.CalculatorTest" time="0"/>
  <testcase name="testFactorialNegative" classname="demo.gzoltar.CalculatorTest" time="0"/>
  <testcase name="testMultiplyWithNegative" classname="demo.gzoltar.CalculatorTest" time="0">
    <failure message="expected:&lt;-6&gt; but was:&lt;6&gt;" type="java.lang.AssertionError"><![CDATA[java.lang.AssertionError: expected:<-6> but was:<6>
	at demo.gzoltar.CalculatorTest.testMultiplyWithNegative(CalculatorTest.java:72)
]]></failure>
  </testcase>
  <testcase name="testIsPrimeThree" classname="demo.gzoltar.CalculatorTest" time="0"/>
  <testcase name="testDividePositive" classname="demo.gzoltar.CalculatorTest" time="0"/>
</testsuite>